[I 20:28:52.524 NotebookApp] JupyterLab beta preview extension loaded from /home/ec2-user/miniconda2/envs/cub/lib/python2.7/site-packages/jupyterlab
[I 20:28:52.524 NotebookApp] JupyterLab application directory is /home/ec2-user/miniconda2/envs/cub/share/jupyter/lab
[I 20:28:52.528 NotebookApp] Serving notebooks from local directory: /home/ec2-user/PyCUB/CodonUsageBias
[I 20:28:52.528 NotebookApp] The Jupyter Notebook is running at:
[I 20:28:52.528 NotebookApp] https://(ip-172-31-1-8 or 127.0.0.1):8888/
[I 20:28:52.528 NotebookApp] Use Control-C to stop this server and shut down all kernels (twice to skip confirmation).
[I 20:29:15.276 NotebookApp] Kernel started: 782d3176-88b5-434a-8d18-6cda8c425b27
[I 20:29:21.048 NotebookApp] Adapting to protocol v5.1 for kernel 782d3176-88b5-434a-8d18-6cda8c425b27
[I 20:29:23.569 NotebookApp] Adapting to protocol v5.1 for kernel 782d3176-88b5-434a-8d18-6cda8c425b27
[I 20:30:48.965 NotebookApp] Kernel interrupted: 782d3176-88b5-434a-8d18-6cda8c425b27
[I 20:30:54.066 NotebookApp] Kernel shutdown: 782d3176-88b5-434a-8d18-6cda8c425b27
[W 20:31:08.314 NotebookApp] Notebook Pipeline_V3.1.ipynb is not trusted
[I 20:31:23.400 NotebookApp] Saving file at /Pipeline_V3-Copy1.1.ipynb
[I 20:33:06.017 NotebookApp] Kernel started: 30d65bcd-ad52-4e7e-b17f-d39a56a173ed
[I 20:33:07.283 NotebookApp] Adapting to protocol v5.1 for kernel 30d65bcd-ad52-4e7e-b17f-d39a56a173ed
[I 20:33:27.881 NotebookApp] Saving file at /Pipeline_V3-Copy1.1.ipynb
[E 20:33:33.109 NotebookApp] Exception restarting kernel
    Traceback (most recent call last):
      File "/home/ec2-user/miniconda2/envs/cub/lib/python2.7/site-packages/notebook/services/kernels/handlers.py", line 85, in post
        yield gen.maybe_future(km.restart_kernel(kernel_id))
      File "/home/ec2-user/miniconda2/envs/cub/lib/python2.7/site-packages/notebook/services/kernels/kernelmanager.py", line 284, in restart_kernel
        self._check_kernel_id(kernel_id)
      File "/home/ec2-user/miniconda2/envs/cub/lib/python2.7/site-packages/notebook/services/kernels/kernelmanager.py", line 363, in _check_kernel_id
        raise web.HTTPError(404, u'Kernel does not exist: %s' % kernel_id)
    HTTPError: HTTP 404: Not Found (Kernel does not exist: 782d3176-88b5-434a-8d18-6cda8c425b27)
[E 20:33:33.110 NotebookApp] {
      "Origin": "https://127.0.0.1:8157", 
      "Content-Length": "0", 
      "Accept-Language": "fr-FR,fr;q=0.9,en-US;q=0.8,en;q=0.7,es;q=0.6,la;q=0.5", 
      "Accept-Encoding": "gzip, deflate, br", 
      "X-Xsrftoken": "2|6d44d985|448ec37342c4c5fce382c6d8e3786e81|1518523296", 
      "Host": "127.0.0.1:8157", 
      "Accept": "application/json, text/javascript, */*; q=0.01", 
      "User-Agent": "Mozilla/5.0 (Macintosh; Intel Mac OS X 10_14_0) AppleWebKit/537.36 (KHTML, like Gecko) Chrome/68.0.3440.106 Safari/537.36", 
      "Connection": "keep-alive", 
      "X-Requested-With": "XMLHttpRequest", 
      "Referer": "https://127.0.0.1:8157/notebooks/Pipeline_V3-Copy1.1.ipynb", 
      "Cookie": "_xsrf=2|6d44d985|448ec37342c4c5fce382c6d8e3786e81|1518523296; username-127-0-0-1-8157=\"2|1:0|10:1534417115|23:username-127-0-0-1-8157|44:YWFkMjRjNjg0NzBhNGQ5MTk2NjYxYTEwZDZmYzQ3MGI=|86ae862b6cd512b291983b4f7caaaadbf334e4a9987270c8d14a35e6bc1511ec\""
    }
[E 20:33:33.111 NotebookApp] 500 POST /api/kernels/782d3176-88b5-434a-8d18-6cda8c425b27/restart (127.0.0.1) 1.03ms referer=https://127.0.0.1:8157/notebooks/Pipeline_V3-Copy1.1.ipynb
[E 20:33:33.112 NotebookApp] Exception restarting kernel
    Traceback (most recent call last):
      File "/home/ec2-user/miniconda2/envs/cub/lib/python2.7/site-packages/notebook/services/kernels/handlers.py", line 85, in post
        yield gen.maybe_future(km.restart_kernel(kernel_id))
      File "/home/ec2-user/miniconda2/envs/cub/lib/python2.7/site-packages/notebook/services/kernels/kernelmanager.py", line 284, in restart_kernel
        self._check_kernel_id(kernel_id)
      File "/home/ec2-user/miniconda2/envs/cub/lib/python2.7/site-packages/notebook/services/kernels/kernelmanager.py", line 363, in _check_kernel_id
        raise web.HTTPError(404, u'Kernel does not exist: %s' % kernel_id)
    HTTPError: HTTP 404: Not Found (Kernel does not exist: 782d3176-88b5-434a-8d18-6cda8c425b27)
[E 20:33:33.112 NotebookApp] {
      "Origin": "https://127.0.0.1:8157", 
      "Content-Length": "0", 
      "Accept-Language": "fr-FR,fr;q=0.9,en-US;q=0.8,en;q=0.7,es;q=0.6,la;q=0.5", 
      "Accept-Encoding": "gzip, deflate, br", 
      "X-Xsrftoken": "2|6d44d985|448ec37342c4c5fce382c6d8e3786e81|1518523296", 
      "Host": "127.0.0.1:8157", 
      "Accept": "application/json, text/javascript, */*; q=0.01", 
      "User-Agent": "Mozilla/5.0 (Macintosh; Intel Mac OS X 10_14_0) AppleWebKit/537.36 (KHTML, like Gecko) Chrome/68.0.3440.106 Safari/537.36", 
      "Connection": "keep-alive", 
      "X-Requested-With": "XMLHttpRequest", 
      "Referer": "https://127.0.0.1:8157/notebooks/Pipeline_V3-Copy1.1.ipynb", 
      "Cookie": "_xsrf=2|6d44d985|448ec37342c4c5fce382c6d8e3786e81|1518523296; username-127-0-0-1-8157=\"2|1:0|10:1534417115|23:username-127-0-0-1-8157|44:YWFkMjRjNjg0NzBhNGQ5MTk2NjYxYTEwZDZmYzQ3MGI=|86ae862b6cd512b291983b4f7caaaadbf334e4a9987270c8d14a35e6bc1511ec\""
    }
[E 20:33:33.112 NotebookApp] 500 POST /api/kernels/782d3176-88b5-434a-8d18-6cda8c425b27/restart (127.0.0.1) 0.76ms referer=https://127.0.0.1:8157/notebooks/Pipeline_V3-Copy1.1.ipynb
[W 20:33:33.488 NotebookApp] 404 DELETE /api/sessions/54baecf9-7e1b-4310-88f7-2241896edb72 (127.0.0.1): Session not found: session_id=u'54baecf9-7e1b-4310-88f7-2241896edb72'
[W 20:33:33.489 NotebookApp] Session not found: session_id=u'54baecf9-7e1b-4310-88f7-2241896edb72'
[W 20:33:33.489 NotebookApp] 404 DELETE /api/sessions/54baecf9-7e1b-4310-88f7-2241896edb72 (127.0.0.1) 2.40ms referer=https://127.0.0.1:8157/notebooks/Pipeline_V3-Copy1.1.ipynb
[I 20:33:38.488 NotebookApp] Kernel started: 2cf4e973-b847-4305-9934-07b753514d9c
[I 20:33:39.014 NotebookApp] Adapting to protocol v5.1 for kernel 2cf4e973-b847-4305-9934-07b753514d9c
[I 20:35:23.730 NotebookApp] Saving file at /Pipeline_V3-Copy1.1.ipynb
[I 20:36:10.968 NotebookApp] Saving file at /Pipeline_V3.1.ipynb
[W 20:36:10.971 NotebookApp] Notebook Pipeline_V3.1.ipynb is not trusted
[I 20:37:24.405 NotebookApp] Saving file at /Pipeline_V3-Copy1.1.ipynb
[I 20:39:23.638 NotebookApp] Saving file at /Pipeline_V3-Copy1.1.ipynb
[I 20:41:23.817 NotebookApp] Saving file at /Pipeline_V3-Copy1.1.ipynb
[I 20:43:24.359 NotebookApp] Saving file at /Pipeline_V3-Copy1.1.ipynb
[I 20:45:23.885 NotebookApp] Saving file at /Pipeline_V3-Copy1.1.ipynb
[I 20:47:23.501 NotebookApp] Saving file at /Pipeline_V3-Copy1.1.ipynb
[I 20:49:10.781 NotebookApp] Saving file at /Pipeline_V3.1.ipynb
[W 20:49:10.787 NotebookApp] Notebook Pipeline_V3.1.ipynb is not trusted
[I 20:49:23.733 NotebookApp] Saving file at /Pipeline_V3-Copy1.1.ipynb
[I 20:51:23.431 NotebookApp] Saving file at /Pipeline_V3-Copy1.1.ipynb
[I 20:53:23.557 NotebookApp] Saving file at /Pipeline_V3-Copy1.1.ipynb
[I 20:55:23.610 NotebookApp] Saving file at /Pipeline_V3-Copy1.1.ipynb
[I 20:57:23.629 NotebookApp] Saving file at /Pipeline_V3-Copy1.1.ipynb
[I 20:59:23.591 NotebookApp] Saving file at /Pipeline_V3-Copy1.1.ipynb
[I 21:01:23.500 NotebookApp] Saving file at /Pipeline_V3-Copy1.1.ipynb
[I 21:02:31.468 NotebookApp] Saving file at /Pipeline_V3.1.ipynb
[W 21:02:31.471 NotebookApp] Notebook Pipeline_V3.1.ipynb is not trusted
[I 21:03:23.605 NotebookApp] Saving file at /Pipeline_V3-Copy1.1.ipynb
[I 21:05:23.915 NotebookApp] Saving file at /Pipeline_V3-Copy1.1.ipynb
[I 21:07:23.717 NotebookApp] Saving file at /Pipeline_V3-Copy1.1.ipynb
[I 21:09:22.720 NotebookApp] Saving file at /Pipeline_V3-Copy1.1.ipynb
[I 21:11:23.701 NotebookApp] Saving file at /Pipeline_V3-Copy1.1.ipynb
[I 21:13:23.551 NotebookApp] Saving file at /Pipeline_V3-Copy1.1.ipynb
[I 21:14:46.577 NotebookApp] Saving file at /Pipeline_V3.1.ipynb
[W 21:14:46.579 NotebookApp] Notebook Pipeline_V3.1.ipynb is not trusted
[I 21:15:23.669 NotebookApp] Saving file at /Pipeline_V3-Copy1.1.ipynb
[I 21:17:23.564 NotebookApp] Saving file at /Pipeline_V3-Copy1.1.ipynb
[I 21:26:57.062 NotebookApp] Saving file at /Pipeline_V3.1.ipynb
[W 21:26:57.066 NotebookApp] Notebook Pipeline_V3.1.ipynb is not trusted
[I 21:41:22.425 NotebookApp] Saving file at /Pipeline_V3.1.ipynb
[W 21:41:22.428 NotebookApp] Notebook Pipeline_V3.1.ipynb is not trusted
[I 21:55:55.900 NotebookApp] Saving file at /Pipeline_V3.1.ipynb
[W 21:55:55.905 NotebookApp] Notebook Pipeline_V3.1.ipynb is not trusted
[I 22:03:24.010 NotebookApp] Saving file at /Pipeline_V3-Copy1.1.ipynb
[I 22:09:23.221 NotebookApp] Saving file at /Pipeline_V3-Copy1.1.ipynb
[I 22:11:22.758 NotebookApp] Saving file at /Pipeline_V3-Copy1.1.ipynb
[I 22:13:23.945 NotebookApp] Saving file at /Pipeline_V3-Copy1.1.ipynb
[I 22:15:23.789 NotebookApp] Saving file at /Pipeline_V3-Copy1.1.ipynb
[I 22:17:23.802 NotebookApp] Saving file at /Pipeline_V3-Copy1.1.ipynb
[I 22:19:23.636 NotebookApp] Saving file at /Pipeline_V3-Copy1.1.ipynb
[I 22:21:23.769 NotebookApp] Saving file at /Pipeline_V3-Copy1.1.ipynb
[I 22:23:23.763 NotebookApp] Saving file at /Pipeline_V3-Copy1.1.ipynb
[I 22:25:00.140 NotebookApp] Saving file at /Pipeline_V3.1.ipynb
[W 22:25:00.152 NotebookApp] Notebook Pipeline_V3.1.ipynb is not trusted
[I 22:25:23.802 NotebookApp] Saving file at /Pipeline_V3-Copy1.1.ipynb
[I 22:27:23.796 NotebookApp] Saving file at /Pipeline_V3-Copy1.1.ipynb
[I 22:29:23.857 NotebookApp] Saving file at /Pipeline_V3-Copy1.1.ipynb
[I 22:31:23.847 NotebookApp] Saving file at /Pipeline_V3-Copy1.1.ipynb
[I 22:33:23.796 NotebookApp] Saving file at /Pipeline_V3-Copy1.1.ipynb
[I 22:35:23.790 NotebookApp] Saving file at /Pipeline_V3-Copy1.1.ipynb
[I 22:37:22.818 NotebookApp] Saving file at /Pipeline_V3-Copy1.1.ipynb
[I 22:39:23.657 NotebookApp] Saving file at /Pipeline_V3-Copy1.1.ipynb
[I 22:39:38.878 NotebookApp] Kernel interrupted: 30d65bcd-ad52-4e7e-b17f-d39a56a173ed
[I 22:41:23.049 NotebookApp] Saving file at /Pipeline_V3-Copy1.1.ipynb
[I 22:43:24.023 NotebookApp] Saving file at /Pipeline_V3-Copy1.1.ipynb
[I 22:45:24.110 NotebookApp] Saving file at /Pipeline_V3-Copy1.1.ipynb
[I 22:47:24.316 NotebookApp] Saving file at /Pipeline_V3-Copy1.1.ipynb
[I 22:49:23.967 NotebookApp] Saving file at /Pipeline_V3-Copy1.1.ipynb
[I 22:51:24.521 NotebookApp] Saving file at /Pipeline_V3-Copy1.1.ipynb
[I 22:53:18.811 NotebookApp] Saving file at /Pipeline_V3.1.ipynb
[W 22:53:18.816 NotebookApp] Notebook Pipeline_V3.1.ipynb is not trusted
[I 22:53:27.549 NotebookApp] Saving file at /Pipeline_V3-Copy1.1.ipynb
[I 22:55:24.988 NotebookApp] Saving file at /Pipeline_V3-Copy1.1.ipynb
[I 22:57:24.058 NotebookApp] Saving file at /Pipeline_V3-Copy1.1.ipynb
[I 22:59:23.174 NotebookApp] Saving file at /Pipeline_V3-Copy1.1.ipynb
[I 23:01:24.006 NotebookApp] Saving file at /Pipeline_V3-Copy1.1.ipynb
[I 23:03:23.982 NotebookApp] Saving file at /Pipeline_V3-Copy1.1.ipynb
[I 23:05:25.148 NotebookApp] Saving file at /Pipeline_V3-Copy1.1.ipynb
[I 23:07:25.278 NotebookApp] Saving file at /Pipeline_V3-Copy1.1.ipynb
[I 23:07:54.113 NotebookApp] Malformed HTTP message from 127.0.0.1: Content-Length too long
[I 23:07:57.719 NotebookApp] Malformed HTTP message from 127.0.0.1: Content-Length too long
[I 23:09:25.895 NotebookApp] Saving file at /Pipeline_V3-Copy1.1.ipynb
[I 23:11:24.874 NotebookApp] Saving file at /Pipeline_V3-Copy1.1.ipynb
[I 23:13:16.000 NotebookApp] Starting buffering for 2cf4e973-b847-4305-9934-07b753514d9c:7467aaab33a04c72a4669079055ad13c
[I 23:13:16.002 NotebookApp] Starting buffering for 30d65bcd-ad52-4e7e-b17f-d39a56a173ed:e419f4b03d5f4f1fa122d008ee71f145
[I 06:41:39.898 NotebookApp] Adapting to protocol v5.1 for kernel 2cf4e973-b847-4305-9934-07b753514d9c
[I 06:41:39.900 NotebookApp] Discarding 1270 buffered messages for 2cf4e973-b847-4305-9934-07b753514d9c:7467aaab33a04c72a4669079055ad13c
[W 06:42:59.989 NotebookApp] Notebook Pipeline_V3.1.ipynb is not trusted
[I 06:43:52.938 NotebookApp] Adapting to protocol v5.1 for kernel 30d65bcd-ad52-4e7e-b17f-d39a56a173ed
[I 07:22:46.676 NotebookApp] Starting buffering for 2cf4e973-b847-4305-9934-07b753514d9c:b632b24c897843b68ad78f89e4684bca
[I 07:23:08.302 NotebookApp] Adapting to protocol v5.1 for kernel 2cf4e973-b847-4305-9934-07b753514d9c
[I 07:23:08.303 NotebookApp] Discarding 2 buffered messages for 2cf4e973-b847-4305-9934-07b753514d9c:b632b24c897843b68ad78f89e4684bca
[I 07:31:07.219 NotebookApp] Saving file at /Pipeline_V3-Copy1.1.ipynb
[I 07:31:17.758 NotebookApp] Starting buffering for 2cf4e973-b847-4305-9934-07b753514d9c:84e6e9ed6192413fbf00727754aa304e
[I 07:31:25.199 NotebookApp] Adapting to protocol v5.1 for kernel 2cf4e973-b847-4305-9934-07b753514d9c
[I 07:31:25.200 NotebookApp] Discarding 1 buffered messages for 2cf4e973-b847-4305-9934-07b753514d9c:84e6e9ed6192413fbf00727754aa304e
[I 07:39:10.705 NotebookApp] Kernel interrupted: 2cf4e973-b847-4305-9934-07b753514d9c
[I 07:51:42.265 NotebookApp] Starting buffering for 2cf4e973-b847-4305-9934-07b753514d9c:feae08e1bdab40dc835cbd4d2c7ef269
[W 08:01:22.941 NotebookApp] WebSocket ping timeout after 119683 ms.
[I 08:01:27.942 NotebookApp] Starting buffering for 30d65bcd-ad52-4e7e-b17f-d39a56a173ed:ef424812920b4d93a7aeaadc924c8757
[W 09:10:09.603 NotebookApp] Notebook Pipeline_V3.1.ipynb is not trusted
[I 09:11:23.536 NotebookApp] Adapting to protocol v5.1 for kernel 30d65bcd-ad52-4e7e-b17f-d39a56a173ed
[W 11:44:23.537 NotebookApp] WebSocket ping timeout after 117938 ms.
[I 11:44:28.544 NotebookApp] Starting buffering for 30d65bcd-ad52-4e7e-b17f-d39a56a173ed:e3edbbf6123641b2aa3bbdbc5639c7a3
[W 12:27:39.354 NotebookApp] Notebook Pipeline_V3.1.ipynb is not trusted
[I 12:28:29.619 NotebookApp] Adapting to protocol v5.1 for kernel 30d65bcd-ad52-4e7e-b17f-d39a56a173ed
[I 12:39:42.411 NotebookApp] Saving file at /Pipeline_V3.1.ipynb
[W 12:39:42.416 NotebookApp] Notebook Pipeline_V3.1.ipynb is not trusted
[I 12:42:11.270 NotebookApp] Saving file at /Pipeline_V3.1.ipynb
[W 12:42:11.273 NotebookApp] Notebook Pipeline_V3.1.ipynb is not trusted
[I 13:26:19.880 NotebookApp] Saving file at /Pipeline_V3.1.ipynb
[W 13:26:19.884 NotebookApp] Notebook Pipeline_V3.1.ipynb is not trusted
[I 16:31:20.058 NotebookApp] Kernel interrupted: 30d65bcd-ad52-4e7e-b17f-d39a56a173ed
[W 16:33:29.620 NotebookApp] WebSocket ping timeout after 119840 ms.
[I 16:33:34.622 NotebookApp] Starting buffering for 30d65bcd-ad52-4e7e-b17f-d39a56a173ed:2d3c206404ad4bac876592d7ddd8a31b
[W 22:18:42.595 NotebookApp] Notebook Pipeline_V3.1.ipynb is not trusted
[I 22:19:31.108 NotebookApp] Adapting to protocol v5.1 for kernel 30d65bcd-ad52-4e7e-b17f-d39a56a173ed
[I 22:21:08.868 NotebookApp] Kernel interrupted: 30d65bcd-ad52-4e7e-b17f-d39a56a173ed
[I 22:24:32.089 NotebookApp] Saving file at /Pipeline_V3.1.ipynb
[W 22:24:32.093 NotebookApp] Notebook Pipeline_V3.1.ipynb is not trusted
[I 22:37:04.548 NotebookApp] Saving file at /Pipeline_V3.1.ipynb
[W 22:37:04.551 NotebookApp] Notebook Pipeline_V3.1.ipynb is not trusted
[I 22:50:21.110 NotebookApp] Saving file at /Pipeline_V3.1.ipynb
[W 22:50:21.113 NotebookApp] Notebook Pipeline_V3.1.ipynb is not trusted
[I 23:20:15.391 NotebookApp] Saving file at /Pipeline_V3.1.ipynb
[W 23:20:15.458 NotebookApp] Notebook Pipeline_V3.1.ipynb is not trusted
[I 23:41:19.987 NotebookApp] Kernel interrupted: 30d65bcd-ad52-4e7e-b17f-d39a56a173ed
[I 23:48:48.654 NotebookApp] Saving file at /Pipeline_V3.1.ipynb
[W 23:48:48.656 NotebookApp] Notebook Pipeline_V3.1.ipynb is not trusted
[I 00:02:58.051 NotebookApp] Saving file at /Pipeline_V3.1.ipynb
[W 00:02:58.054 NotebookApp] Notebook Pipeline_V3.1.ipynb is not trusted
[I 00:03:02.490 NotebookApp] Starting buffering for 30d65bcd-ad52-4e7e-b17f-d39a56a173ed:95e85b874be24ac1bc081cc0b9c94906
[W 09:23:41.909 NotebookApp] Notebook Pipeline_V3.1.ipynb is not trusted
[I 09:24:13.243 NotebookApp] Adapting to protocol v5.1 for kernel 30d65bcd-ad52-4e7e-b17f-d39a56a173ed
[I 09:26:27.085 NotebookApp] Saving file at /Pipeline_V3.1.ipynb
[W 09:26:27.090 NotebookApp] Notebook Pipeline_V3.1.ipynb is not trusted
[I 09:30:13.941 NotebookApp] Kernel interrupted: 30d65bcd-ad52-4e7e-b17f-d39a56a173ed
[I 09:31:02.508 NotebookApp] Saving file at /Pipeline_V3.1.ipynb
[W 09:31:02.525 NotebookApp] Notebook Pipeline_V3.1.ipynb is not trusted
[I 09:35:09.643 NotebookApp] Saving file at /Pipeline_V3.1.ipynb
[W 09:35:09.663 NotebookApp] Notebook Pipeline_V3.1.ipynb is not trusted
[I 09:36:08.518 NotebookApp] Kernel interrupted: 30d65bcd-ad52-4e7e-b17f-d39a56a173ed
[I 09:37:17.741 NotebookApp] Kernel interrupted: 30d65bcd-ad52-4e7e-b17f-d39a56a173ed
[I 09:37:41.527 NotebookApp] Kernel interrupted: 30d65bcd-ad52-4e7e-b17f-d39a56a173ed
[I 09:39:16.297 NotebookApp] Saving file at /Pipeline_V3.1.ipynb
[W 09:39:16.299 NotebookApp] Notebook Pipeline_V3.1.ipynb is not trusted
[W 09:54:43.245 NotebookApp] WebSocket ping timeout after 119978 ms.
[I 09:54:48.255 NotebookApp] Starting buffering for 30d65bcd-ad52-4e7e-b17f-d39a56a173ed:1a52d4bb37604c498a5aef3763c2ae1d
[I 08:31:48.579 NotebookApp] Adapting to protocol v5.1 for kernel 30d65bcd-ad52-4e7e-b17f-d39a56a173ed
[I 08:31:48.585 NotebookApp] Restoring connection for 30d65bcd-ad52-4e7e-b17f-d39a56a173ed:1a52d4bb37604c498a5aef3763c2ae1d
[I 09:47:58.994 NotebookApp] Saving file at /Pipeline_V3.1.ipynb
[W 09:47:59.004 NotebookApp] Notebook Pipeline_V3.1.ipynb is not trusted
[I 09:49:51.389 NotebookApp] Starting buffering for 30d65bcd-ad52-4e7e-b17f-d39a56a173ed:1a52d4bb37604c498a5aef3763c2ae1d
[W 15:52:24.847 NotebookApp] Notebook Pipeline_V3.1.ipynb is not trusted
[I 15:55:32.485 NotebookApp] Adapting to protocol v5.1 for kernel 30d65bcd-ad52-4e7e-b17f-d39a56a173ed
[W 16:45:32.487 NotebookApp] WebSocket ping timeout after 119619 ms.
[I 16:45:37.489 NotebookApp] Starting buffering for 30d65bcd-ad52-4e7e-b17f-d39a56a173ed:fdaeb3cc6a2e404c96bdc6117c53878a
[I 20:20:00.892 NotebookApp] Adapting to protocol v5.1 for kernel 30d65bcd-ad52-4e7e-b17f-d39a56a173ed
[I 20:20:00.893 NotebookApp] Restoring connection for 30d65bcd-ad52-4e7e-b17f-d39a56a173ed:fdaeb3cc6a2e404c96bdc6117c53878a
[W 22:16:30.894 NotebookApp] WebSocket ping timeout after 119404 ms.
[I 22:16:35.894 NotebookApp] Starting buffering for 30d65bcd-ad52-4e7e-b17f-d39a56a173ed:fdaeb3cc6a2e404c96bdc6117c53878a
[I 07:18:08.820 NotebookApp] Adapting to protocol v5.1 for kernel 30d65bcd-ad52-4e7e-b17f-d39a56a173ed
[I 07:18:08.821 NotebookApp] Restoring connection for 30d65bcd-ad52-4e7e-b17f-d39a56a173ed:fdaeb3cc6a2e404c96bdc6117c53878a
[I 08:07:53.217 NotebookApp] Starting buffering for 30d65bcd-ad52-4e7e-b17f-d39a56a173ed:fdaeb3cc6a2e404c96bdc6117c53878a
[W 08:09:13.743 NotebookApp] Notebook Pipeline_V3.1.ipynb is not trusted
[W 09:06:38.433 NotebookApp] Notebook Pipeline_V3.1.ipynb is not trusted
[I 09:08:27.121 NotebookApp] Adapting to protocol v5.1 for kernel 30d65bcd-ad52-4e7e-b17f-d39a56a173ed
[W 09:16:57.122 NotebookApp] WebSocket ping timeout after 119771 ms.
[I 09:17:02.124 NotebookApp] Starting buffering for 30d65bcd-ad52-4e7e-b17f-d39a56a173ed:a4baa7e29688449183a46fd868fcbf9e
[I 14:34:06.953 NotebookApp] Adapting to protocol v5.1 for kernel 30d65bcd-ad52-4e7e-b17f-d39a56a173ed
[I 14:34:06.954 NotebookApp] Restoring connection for 30d65bcd-ad52-4e7e-b17f-d39a56a173ed:a4baa7e29688449183a46fd868fcbf9e
[W 15:06:06.955 NotebookApp] WebSocket ping timeout after 94040 ms.
[I 15:06:11.964 NotebookApp] Starting buffering for 30d65bcd-ad52-4e7e-b17f-d39a56a173ed:a4baa7e29688449183a46fd868fcbf9e
[W 15:38:48.910 NotebookApp] Notebook Pipeline_V3.1.ipynb is not trusted
[W 15:39:17.383 NotebookApp] 404 GET /nbextensions/widgets/notebook/js/extension.js?v=20180820202852 (127.0.0.1) 44.13ms referer=https://127.0.0.1:8157/notebooks/Pipeline_V3.1.ipynb
[I 15:49:55.075 NotebookApp] Adapting to protocol v5.1 for kernel 30d65bcd-ad52-4e7e-b17f-d39a56a173ed
[W 16:11:25.077 NotebookApp] WebSocket ping timeout after 113595 ms.
[I 16:11:30.078 NotebookApp] Starting buffering for 30d65bcd-ad52-4e7e-b17f-d39a56a173ed:f34a086b0f0c4b568411aa859c234d5a
[I 22:13:00.016 NotebookApp] KernelRestarter: restarting kernel (1/5), keep random ports
[I 22:13:20.487 NotebookApp] KernelRestarter: restarting kernel (1/5), keep random ports
[C 22:13:40.237 NotebookApp] received signal 15, stopping
[I 22:13:40.238 NotebookApp] Shutting down 2 kernels
[I 22:13:40.440 NotebookApp] Kernel shutdown: 2cf4e973-b847-4305-9934-07b753514d9c
[I 22:13:40.440 NotebookApp] Kernel shutdown: 30d65bcd-ad52-4e7e-b17f-d39a56a173ed
