\BOOKMARK [0][-]{chapter.1}{\376\377\0001\000\040\000N\000a\000m\000e\000s\000p\000a\000c\000e\000\040\000I\000n\000d\000e\000x}{}% 1
\BOOKMARK [1][-]{section.1.1}{\376\377\0001\000.\0001\000\040\000P\000a\000c\000k\000a\000g\000e\000s}{chapter.1}% 2
\BOOKMARK [0][-]{chapter.2}{\376\377\0002\000\040\000H\000i\000e\000r\000a\000r\000c\000h\000i\000c\000a\000l\000\040\000I\000n\000d\000e\000x}{}% 3
\BOOKMARK [1][-]{section.2.1}{\376\377\0002\000.\0001\000\040\000C\000l\000a\000s\000s\000\040\000H\000i\000e\000r\000a\000r\000c\000h\000y}{chapter.2}% 4
\BOOKMARK [0][-]{chapter.3}{\376\377\0003\000\040\000C\000l\000a\000s\000s\000\040\000I\000n\000d\000e\000x}{}% 5
\BOOKMARK [1][-]{section.3.1}{\376\377\0003\000.\0001\000\040\000C\000l\000a\000s\000s\000\040\000L\000i\000s\000t}{chapter.3}% 6
\BOOKMARK [0][-]{chapter.4}{\376\377\0004\000\040\000N\000a\000m\000e\000s\000p\000a\000c\000e\000\040\000D\000o\000c\000u\000m\000e\000n\000t\000a\000t\000i\000o\000n}{}% 7
\BOOKMARK [1][-]{section.4.1}{\376\377\0004\000.\0001\000\040\000P\000y\000C\000U\000B\000\040\000N\000a\000m\000e\000s\000p\000a\000c\000e\000\040\000R\000e\000f\000e\000r\000e\000n\000c\000e}{chapter.4}% 8
\BOOKMARK [2][-]{subsection.4.1.1}{\376\377\0004\000.\0001\000.\0001\000\040\000D\000e\000t\000a\000i\000l\000e\000d\000\040\000D\000e\000s\000c\000r\000i\000p\000t\000i\000o\000n}{section.4.1}% 9
\BOOKMARK [0][-]{chapter.5}{\376\377\0005\000\040\000C\000l\000a\000s\000s\000\040\000D\000o\000c\000u\000m\000e\000n\000t\000a\000t\000i\000o\000n}{}% 10
\BOOKMARK [1][-]{section.5.1}{\376\377\0005\000.\0001\000\040\000P\000y\000C\000U\000B\000.\000e\000s\000p\000e\000c\000e\000.\000E\000s\000p\000e\000c\000e\000\040\000C\000l\000a\000s\000s\000\040\000R\000e\000f\000e\000r\000e\000n\000c\000e}{chapter.5}% 11
\BOOKMARK [2][-]{subsection.5.1.1}{\376\377\0005\000.\0001\000.\0001\000\040\000D\000e\000t\000a\000i\000l\000e\000d\000\040\000D\000e\000s\000c\000r\000i\000p\000t\000i\000o\000n}{section.5.1}% 12
\BOOKMARK [2][-]{subsection.5.1.2}{\376\377\0005\000.\0001\000.\0002\000\040\000M\000e\000m\000b\000e\000r\000\040\000F\000u\000n\000c\000t\000i\000o\000n\000\040\000D\000o\000c\000u\000m\000e\000n\000t\000a\000t\000i\000o\000n}{section.5.1}% 13
\BOOKMARK [3][-]{subsubsection.5.1.2.1}{\376\377\0005\000.\0001\000.\0002\000.\0001\000\040\000\137\000d\000i\000c\000t\000i\000f\000y\000\050\000\051}{subsection.5.1.2}% 14
\BOOKMARK [3][-]{subsubsection.5.1.2.2}{\376\377\0005\000.\0001\000.\0002\000.\0002\000\040\000g\000e\000t\000\137\000t\000R\000N\000A\000c\000o\000p\000y\000\050\000\051}{subsection.5.1.2}% 15
\BOOKMARK [3][-]{subsubsection.5.1.2.3}{\376\377\0005\000.\0001\000.\0002\000.\0003\000\040\000g\000e\000t\000t\000a\000x\000o\000n\000s\000\050\000\051}{subsection.5.1.2}% 16
\BOOKMARK [2][-]{subsection.5.1.3}{\376\377\0005\000.\0001\000.\0003\000\040\000M\000e\000m\000b\000e\000r\000\040\000D\000a\000t\000a\000\040\000D\000o\000c\000u\000m\000e\000n\000t\000a\000t\000i\000o\000n}{section.5.1}% 17
\BOOKMARK [3][-]{subsubsection.5.1.3.1}{\376\377\0005\000.\0001\000.\0003\000.\0001\000\040\000c\000o\000p\000y\000n\000u\000m\000b\000e\000r\000s}{subsection.5.1.3}% 18
\BOOKMARK [3][-]{subsubsection.5.1.3.2}{\376\377\0005\000.\0001\000.\0003\000.\0002\000\040\000m\000e\000t\000a\000d\000a\000t\000a}{subsection.5.1.3}% 19
\BOOKMARK [3][-]{subsubsection.5.1.3.3}{\376\377\0005\000.\0001\000.\0003\000.\0003\000\040\000n\000a\000m\000e}{subsection.5.1.3}% 20
\BOOKMARK [1][-]{section.5.2}{\376\377\0005\000.\0002\000\040\000P\000y\000C\000U\000B\000.\000h\000o\000m\000o\000l\000o\000g\000y\000.\000h\000o\000m\000o\000l\000o\000g\000y\000\040\000C\000l\000a\000s\000s\000\040\000R\000e\000f\000e\000r\000e\000n\000c\000e}{chapter.5}% 21
\BOOKMARK [2][-]{subsection.5.2.1}{\376\377\0005\000.\0002\000.\0001\000\040\000D\000e\000t\000a\000i\000l\000e\000d\000\040\000D\000e\000s\000c\000r\000i\000p\000t\000i\000o\000n}{section.5.2}% 22
\BOOKMARK [2][-]{subsection.5.2.2}{\376\377\0005\000.\0002\000.\0002\000\040\000M\000e\000m\000b\000e\000r\000\040\000F\000u\000n\000c\000t\000i\000o\000n\000\040\000D\000o\000c\000u\000m\000e\000n\000t\000a\000t\000i\000o\000n}{section.5.2}% 23
\BOOKMARK [3][-]{subsubsection.5.2.2.1}{\376\377\0005\000.\0002\000.\0002\000.\0001\000\040\000\137\000d\000i\000c\000t\000i\000f\000y\000\050\000\051}{subsection.5.2.2}% 24
\BOOKMARK [3][-]{subsubsection.5.2.2.2}{\376\377\0005\000.\0002\000.\0002\000.\0002\000\040\000c\000l\000u\000s\000t\000e\000r\000i\000z\000e\000\137\000\050\000\051}{subsection.5.2.2}% 25
\BOOKMARK [3][-]{subsubsection.5.2.2.3}{\376\377\0005\000.\0002\000.\0002\000.\0003\000\040\000c\000o\000m\000p\000u\000t\000e\000\137\000a\000v\000e\000r\000a\000g\000e\000s\000\050\000\051}{subsection.5.2.2}% 26
\BOOKMARK [3][-]{subsubsection.5.2.2.4}{\376\377\0005\000.\0002\000.\0002\000.\0004\000\040\000n\000b\000\137\000u\000n\000i\000q\000u\000e\000\137\000s\000p\000e\000c\000i\000e\000s\000\050\000\051}{subsection.5.2.2}% 27
\BOOKMARK [3][-]{subsubsection.5.2.2.5}{\376\377\0005\000.\0002\000.\0002\000.\0005\000\040\000o\000r\000d\000e\000r\000\050\000\051}{subsection.5.2.2}% 28
\BOOKMARK [3][-]{subsubsection.5.2.2.6}{\376\377\0005\000.\0002\000.\0002\000.\0006\000\040\000p\000l\000o\000t\000\050\000\051}{subsection.5.2.2}% 29
\BOOKMARK [3][-]{subsubsection.5.2.2.7}{\376\377\0005\000.\0002\000.\0002\000.\0007\000\040\000r\000e\000d\000u\000c\000e\000\137\000d\000i\000m\000\050\000\051}{subsection.5.2.2}% 30
\BOOKMARK [3][-]{subsubsection.5.2.2.8}{\376\377\0005\000.\0002\000.\0002\000.\0008\000\040\000r\000e\000m\000o\000v\000e\000\050\000\051}{subsection.5.2.2}% 31
\BOOKMARK [1][-]{section.5.3}{\376\377\0005\000.\0003\000\040\000P\000y\000C\000U\000B\000.\000h\000o\000m\000o\000s\000e\000t\000.\000H\000o\000m\000o\000S\000e\000t\000\040\000C\000l\000a\000s\000s\000\040\000R\000e\000f\000e\000r\000e\000n\000c\000e}{chapter.5}% 32
\BOOKMARK [2][-]{subsection.5.3.1}{\376\377\0005\000.\0003\000.\0001\000\040\000D\000e\000t\000a\000i\000l\000e\000d\000\040\000D\000e\000s\000c\000r\000i\000p\000t\000i\000o\000n}{section.5.3}% 33
\BOOKMARK [2][-]{subsection.5.3.2}{\376\377\0005\000.\0003\000.\0002\000\040\000C\000o\000n\000s\000t\000r\000u\000c\000t\000o\000r\000\040\000\046\000\040\000D\000e\000s\000t\000r\000u\000c\000t\000o\000r\000\040\000D\000o\000c\000u\000m\000e\000n\000t\000a\000t\000i\000o\000n}{section.5.3}% 34
\BOOKMARK [3][-]{subsubsection.5.3.2.1}{\376\377\0005\000.\0003\000.\0002\000.\0001\000\040\000\137\000\137\000i\000n\000i\000t\000\137\000\137\000\050\000\051}{subsection.5.3.2}% 35
\BOOKMARK [2][-]{subsection.5.3.3}{\376\377\0005\000.\0003\000.\0003\000\040\000M\000e\000m\000b\000e\000r\000\040\000F\000u\000n\000c\000t\000i\000o\000n\000\040\000D\000o\000c\000u\000m\000e\000n\000t\000a\000t\000i\000o\000n}{section.5.3}% 36
\BOOKMARK [3][-]{subsubsection.5.3.3.1}{\376\377\0005\000.\0003\000.\0003\000.\0001\000\040\000\137\000\137\000d\000e\000l\000i\000t\000e\000m\000\137\000\137\000\050\000\051}{subsection.5.3.3}% 37
\BOOKMARK [3][-]{subsubsection.5.3.3.2}{\376\377\0005\000.\0003\000.\0003\000.\0002\000\040\000\137\000\137\000g\000e\000t\000i\000t\000e\000m\000\137\000\137\000\050\000\051}{subsection.5.3.3}% 38
\BOOKMARK [3][-]{subsubsection.5.3.3.3}{\376\377\0005\000.\0003\000.\0003\000.\0003\000\040\000\137\000\137\000s\000e\000t\000i\000t\000e\000m\000\137\000\137\000\050\000\051}{subsection.5.3.3}% 39
\BOOKMARK [3][-]{subsubsection.5.3.3.4}{\376\377\0005\000.\0003\000.\0003\000.\0004\000\040\000\137\000b\000a\000r\000p\000l\000o\000t\000\050\000\051}{subsection.5.3.3}% 40
\BOOKMARK [3][-]{subsubsection.5.3.3.5}{\376\377\0005\000.\0003\000.\0003\000.\0005\000\040\000\137\000d\000i\000c\000t\000i\000f\000y\000\050\000\051}{subsection.5.3.3}% 41
\BOOKMARK [3][-]{subsubsection.5.3.3.6}{\376\377\0005\000.\0003\000.\0003\000.\0006\000\040\000\137\000p\000l\000o\000t\000\137\000c\000l\000u\000s\000t\000\050\000\051}{subsection.5.3.3}% 42
\BOOKMARK [3][-]{subsubsection.5.3.3.7}{\376\377\0005\000.\0003\000.\0003\000.\0007\000\040\000a\000d\000d\000\137\000r\000a\000n\000d\000o\000m\000\137\000h\000o\000m\000o\000l\000o\000g\000y\000\050\000\051}{subsection.5.3.3}% 43
\BOOKMARK [3][-]{subsubsection.5.3.3.8}{\376\377\0005\000.\0003\000.\0003\000.\0008\000\040\000c\000l\000e\000a\000n\000\137\000s\000p\000e\000c\000i\000e\000s\000\050\000\051}{subsection.5.3.3}% 44
\BOOKMARK [3][-]{subsubsection.5.3.3.9}{\376\377\0005\000.\0003\000.\0003\000.\0009\000\040\000c\000l\000u\000s\000t\000e\000r\000\137\000h\000o\000m\000o\000l\000o\000g\000i\000e\000s\000\050\000\051}{subsection.5.3.3}% 45
\BOOKMARK [3][-]{subsubsection.5.3.3.10}{\376\377\0005\000.\0003\000.\0003\000.\0001\0000\000\040\000c\000o\000m\000p\000a\000r\000e\000\137\000c\000l\000u\000s\000t\000e\000r\000s\000\050\000\051}{subsection.5.3.3}% 46
\BOOKMARK [3][-]{subsubsection.5.3.3.11}{\376\377\0005\000.\0003\000.\0003\000.\0001\0001\000\040\000c\000o\000m\000p\000u\000t\000e\000\137\000a\000g\000e\000s\000\050\000\051}{subsection.5.3.3}% 47
\BOOKMARK [3][-]{subsubsection.5.3.3.12}{\376\377\0005\000.\0003\000.\0003\000.\0001\0002\000\040\000c\000o\000m\000p\000u\000t\000e\000\137\000e\000n\000t\000r\000o\000p\000y\000l\000o\000c\000\050\000\051}{subsection.5.3.3}% 48
\BOOKMARK [3][-]{subsubsection.5.3.3.13}{\376\377\0005\000.\0003\000.\0003\000.\0001\0003\000\040\000f\000i\000n\000d\000\137\000c\000l\000u\000s\000t\000e\000r\000s\000\050\000\051}{subsection.5.3.3}% 49
\BOOKMARK [3][-]{subsubsection.5.3.3.14}{\376\377\0005\000.\0003\000.\0003\000.\0001\0004\000\040\000f\000i\000n\000d\000b\000e\000s\000t\000\137\000e\000p\000s\000\050\000\051}{subsection.5.3.3}% 50
\BOOKMARK [3][-]{subsubsection.5.3.3.15}{\376\377\0005\000.\0003\000.\0003\000.\0001\0005\000\040\000g\000e\000t\000\137\000c\000l\000u\000s\000t\000e\000r\000s\000t\000a\000t\000s\000\050\000\051}{subsection.5.3.3}% 51
\BOOKMARK [3][-]{subsubsection.5.3.3.16}{\376\377\0005\000.\0003\000.\0003\000.\0001\0006\000\040\000l\000o\000a\000d\000f\000u\000l\000l\000h\000o\000m\000o\000\050\000\051}{subsection.5.3.3}% 52
\BOOKMARK [3][-]{subsubsection.5.3.3.17}{\376\377\0005\000.\0003\000.\0003\000.\0001\0007\000\040\000l\000o\000a\000d\000h\000a\000s\000h\000o\000m\000o\000\050\000\051}{subsection.5.3.3}% 53
\BOOKMARK [3][-]{subsubsection.5.3.3.18}{\376\377\0005\000.\0003\000.\0003\000.\0001\0008\000\040\000o\000r\000d\000e\000r\000f\000r\000o\000m\000c\000l\000u\000s\000t\000\050\000\051}{subsection.5.3.3}% 54
\BOOKMARK [3][-]{subsubsection.5.3.3.19}{\376\377\0005\000.\0003\000.\0003\000.\0001\0009\000\040\000p\000l\000o\000t\000\137\000a\000l\000l\000\050\000\051}{subsection.5.3.3}% 55
\BOOKMARK [3][-]{subsubsection.5.3.3.20}{\376\377\0005\000.\0003\000.\0003\000.\0002\0000\000\040\000p\000l\000o\000t\000\137\000d\000i\000s\000t\000c\000u\000b\000\050\000\051}{subsection.5.3.3}% 56
\BOOKMARK [3][-]{subsubsection.5.3.3.21}{\376\377\0005\000.\0003\000.\0003\000.\0002\0001\000\040\000p\000l\000o\000t\000\137\000h\000a\000s\000h\000o\000m\000o\000\050\000\051}{subsection.5.3.3}% 57
\BOOKMARK [3][-]{subsubsection.5.3.3.22}{\376\377\0005\000.\0003\000.\0003\000.\0002\0002\000\040\000p\000l\000o\000t\000\137\000s\000i\000m\000i\000c\000l\000u\000s\000t\000\050\000\051}{subsection.5.3.3}% 58
\BOOKMARK [3][-]{subsubsection.5.3.3.23}{\376\377\0005\000.\0003\000.\0003\000.\0002\0003\000\040\000p\000r\000e\000p\000r\000o\000c\000e\000s\000s\000i\000n\000g\000\050\000\051}{subsection.5.3.3}% 59
\BOOKMARK [3][-]{subsubsection.5.3.3.24}{\376\377\0005\000.\0003\000.\0003\000.\0002\0004\000\040\000p\000r\000e\000p\000r\000o\000c\000e\000s\000s\000i\000n\000g\000\137\000n\000a\000m\000e\000l\000i\000s\000t\000\050\000\051}{subsection.5.3.3}% 60
\BOOKMARK [3][-]{subsubsection.5.3.3.25}{\376\377\0005\000.\0003\000.\0003\000.\0002\0005\000\040\000p\000r\000e\000p\000r\000o\000c\000e\000s\000s\000i\000n\000g\000\137\000n\000a\000m\000e\000s\000\050\000\051}{subsection.5.3.3}% 61
\BOOKMARK [3][-]{subsubsection.5.3.3.26}{\376\377\0005\000.\0003\000.\0003\000.\0002\0006\000\040\000p\000r\000e\000p\000r\000o\000c\000e\000s\000s\000i\000n\000g\000\137\000t\000a\000x\000o\000n\000s\000\050\000\051}{subsection.5.3.3}% 62
\BOOKMARK [3][-]{subsubsection.5.3.3.27}{\376\377\0005\000.\0003\000.\0003\000.\0002\0007\000\040\000r\000e\000m\000o\000v\000e\000\050\000\051}{subsection.5.3.3}% 63
\BOOKMARK [3][-]{subsubsection.5.3.3.28}{\376\377\0005\000.\0003\000.\0003\000.\0002\0008\000\040\000s\000i\000z\000e\000\050\000\051}{subsection.5.3.3}% 64
\BOOKMARK [3][-]{subsubsection.5.3.3.29}{\376\377\0005\000.\0003\000.\0003\000.\0002\0009\000\040\000u\000p\000d\000a\000t\000e\000\050\000\051}{subsection.5.3.3}% 65
\BOOKMARK [2][-]{subsection.5.3.4}{\376\377\0005\000.\0003\000.\0004\000\040\000M\000e\000m\000b\000e\000r\000\040\000D\000a\000t\000a\000\040\000D\000o\000c\000u\000m\000e\000n\000t\000a\000t\000i\000o\000n}{section.5.3}% 66
\BOOKMARK [3][-]{subsubsection.5.3.4.1}{\376\377\0005\000.\0003\000.\0004\000.\0001\000\040\000w\000a\000s\000c\000l\000u\000s\000t\000e\000r\000i\000z\000e\000d}{subsection.5.3.4}% 67
\BOOKMARK [1][-]{section.5.4}{\376\377\0005\000.\0004\000\040\000P\000y\000C\000U\000B\000.\000p\000y\000C\000U\000B\000.\000P\000y\000C\000U\000B\000\040\000C\000l\000a\000s\000s\000\040\000R\000e\000f\000e\000r\000e\000n\000c\000e}{chapter.5}% 68
\BOOKMARK [2][-]{subsection.5.4.1}{\376\377\0005\000.\0004\000.\0001\000\040\000C\000o\000n\000s\000t\000r\000u\000c\000t\000o\000r\000\040\000\046\000\040\000D\000e\000s\000t\000r\000u\000c\000t\000o\000r\000\040\000D\000o\000c\000u\000m\000e\000n\000t\000a\000t\000i\000o\000n}{section.5.4}% 69
\BOOKMARK [3][-]{subsubsection.5.4.1.1}{\376\377\0005\000.\0004\000.\0001\000.\0001\000\040\000\137\000\137\000i\000n\000i\000t\000\137\000\137\000\050\000\051}{subsection.5.4.1}% 70
\BOOKMARK [2][-]{subsection.5.4.2}{\376\377\0005\000.\0004\000.\0002\000\040\000M\000e\000m\000b\000e\000r\000\040\000F\000u\000n\000c\000t\000i\000o\000n\000\040\000D\000o\000c\000u\000m\000e\000n\000t\000a\000t\000i\000o\000n}{section.5.4}% 71
\BOOKMARK [3][-]{subsubsection.5.4.2.1}{\376\377\0005\000.\0004\000.\0002\000.\0001\000\040\000\137\000d\000i\000c\000t\000i\000f\000y\000\050\000\051}{subsection.5.4.2}% 72
\BOOKMARK [3][-]{subsubsection.5.4.2.2}{\376\377\0005\000.\0004\000.\0002\000.\0002\000\040\000\137\000u\000n\000d\000i\000c\000t\000i\000f\000y\000\050\000\051}{subsection.5.4.2}% 73
\BOOKMARK [3][-]{subsubsection.5.4.2.3}{\376\377\0005\000.\0004\000.\0002\000.\0003\000\040\000c\000o\000m\000p\000a\000r\000e\000\137\000h\000o\000m\000o\000l\000o\000g\000i\000e\000s\000\050\000\051}{subsection.5.4.2}% 74
\BOOKMARK [3][-]{subsubsection.5.4.2.4}{\376\377\0005\000.\0004\000.\0002\000.\0004\000\040\000c\000o\000m\000p\000a\000r\000e\000\137\000s\000p\000e\000c\000i\000e\000s\000\050\000\051}{subsection.5.4.2}% 75
\BOOKMARK [3][-]{subsubsection.5.4.2.5}{\376\377\0005\000.\0004\000.\0002\000.\0005\000\040\000c\000o\000m\000p\000u\000t\000e\000\137\000a\000v\000e\000r\000a\000g\000e\000s\000\050\000\051}{subsection.5.4.2}% 76
\BOOKMARK [3][-]{subsubsection.5.4.2.6}{\376\377\0005\000.\0004\000.\0002\000.\0006\000\040\000c\000r\000e\000a\000t\000e\000R\000e\000f\000C\000A\000I\000\050\000\051}{subsection.5.4.2}% 77
\BOOKMARK [3][-]{subsubsection.5.4.2.7}{\376\377\0005\000.\0004\000.\0002\000.\0007\000\040\000g\000e\000t\000\137\000d\000a\000t\000a\000\050\000\051}{subsection.5.4.2}% 78
\BOOKMARK [3][-]{subsubsection.5.4.2.8}{\376\377\0005\000.\0004\000.\0002\000.\0008\000\040\000g\000e\000t\000\137\000e\000v\000o\000l\000u\000t\000i\000o\000n\000a\000r\000y\000\137\000d\000i\000s\000t\000a\000n\000c\000e\000\050\000\051}{subsection.5.4.2}% 79
\BOOKMARK [3][-]{subsubsection.5.4.2.9}{\376\377\0005\000.\0004\000.\0002\000.\0009\000\040\000g\000e\000t\000\137\000f\000u\000l\000l\000\137\000g\000e\000n\000o\000m\000e\000s\000\050\000\051}{subsection.5.4.2}% 80
\BOOKMARK [3][-]{subsubsection.5.4.2.10}{\376\377\0005\000.\0004\000.\0002\000.\0001\0000\000\040\000g\000e\000t\000\137\000m\000e\000t\000a\000d\000a\000t\000a\000\137\000E\000n\000s\000e\000m\000b\000l\000\050\000\051}{subsection.5.4.2}% 81
\BOOKMARK [3][-]{subsubsection.5.4.2.11}{\376\377\0005\000.\0004\000.\0002\000.\0001\0001\000\040\000g\000e\000t\000\137\000m\000y\000m\000e\000t\000a\000d\000a\000t\000a\000\050\000\051}{subsection.5.4.2}% 82
\BOOKMARK [3][-]{subsubsection.5.4.2.12}{\376\377\0005\000.\0004\000.\0002\000.\0001\0002\000\040\000g\000e\000t\000\137\000s\000u\000b\000s\000e\000t\000\050\000\051}{subsection.5.4.2}% 83
\BOOKMARK [3][-]{subsubsection.5.4.2.13}{\376\377\0005\000.\0004\000.\0002\000.\0001\0003\000\040\000g\000e\000t\000\137\000t\000a\000x\000o\000n\000s\000\050\000\051}{subsection.5.4.2}% 84
\BOOKMARK [3][-]{subsubsection.5.4.2.14}{\376\377\0005\000.\0004\000.\0002\000.\0001\0004\000\040\000g\000e\000t\000\137\000w\000o\000r\000k\000i\000n\000g\000\137\000h\000o\000m\000o\000s\000e\000t\000\050\000\051}{subsection.5.4.2}% 85
\BOOKMARK [3][-]{subsubsection.5.4.2.15}{\376\377\0005\000.\0004\000.\0002\000.\0001\0005\000\040\000g\000e\000t\000H\000o\000m\000o\000l\000o\000g\000y\000l\000i\000s\000t\000\050\000\051}{subsection.5.4.2}% 86
\BOOKMARK [3][-]{subsubsection.5.4.2.16}{\376\377\0005\000.\0004\000.\0002\000.\0001\0006\000\040\000g\000e\000t\000R\000e\000l\000a\000t\000i\000o\000n\0002\000G\0003\000D\000D\000\050\000\051}{subsection.5.4.2}% 87
\BOOKMARK [3][-]{subsubsection.5.4.2.17}{\376\377\0005\000.\0004\000.\0002\000.\0001\0007\000\040\000i\000m\000p\000o\000r\000t\000\137\000m\000e\000t\000a\000d\000a\000t\000a\000T\000o\000b\000i\000a\000s\000\050\000\051}{subsection.5.4.2}% 88
\BOOKMARK [3][-]{subsubsection.5.4.2.18}{\376\377\0005\000.\0004\000.\0002\000.\0001\0008\000\040\000l\000o\000a\000d\000\050\000\051}{subsection.5.4.2}% 89
\BOOKMARK [3][-]{subsubsection.5.4.2.19}{\376\377\0005\000.\0004\000.\0002\000.\0001\0009\000\040\000l\000o\000a\000d\000m\000o\000r\000e\000\050\000\051}{subsection.5.4.2}% 90
\BOOKMARK [3][-]{subsubsection.5.4.2.20}{\376\377\0005\000.\0004\000.\0002\000.\0002\0000\000\040\000l\000o\000a\000d\000s\000p\000e\000c\000i\000e\000s\000t\000a\000b\000l\000e\000\050\000\051}{subsection.5.4.2}% 91
\BOOKMARK [3][-]{subsubsection.5.4.2.21}{\376\377\0005\000.\0004\000.\0002\000.\0002\0001\000\040\000p\000h\000y\000l\000o\000\137\000d\000i\000s\000t\000a\000n\000c\000e\000s\000\050\000\051}{subsection.5.4.2}% 92
\BOOKMARK [3][-]{subsubsection.5.4.2.22}{\376\377\0005\000.\0004\000.\0002\000.\0002\0002\000\040\000p\000l\000o\000t\000\137\000d\000i\000s\000t\000a\000n\000c\000e\000s\000\050\000\051}{subsection.5.4.2}% 93
\BOOKMARK [3][-]{subsubsection.5.4.2.23}{\376\377\0005\000.\0004\000.\0002\000.\0002\0003\000\040\000r\000e\000g\000r\000e\000s\000s\000\137\000o\000n\000\137\000g\000e\000n\000e\000s\000\050\000\051}{subsection.5.4.2}% 94
\BOOKMARK [3][-]{subsubsection.5.4.2.24}{\376\377\0005\000.\0004\000.\0002\000.\0002\0004\000\040\000r\000e\000g\000r\000e\000s\000s\000\137\000o\000n\000\137\000s\000p\000e\000c\000i\000e\000s\000\050\000\051}{subsection.5.4.2}% 95
\BOOKMARK [3][-]{subsubsection.5.4.2.25}{\376\377\0005\000.\0004\000.\0002\000.\0002\0005\000\040\000s\000a\000v\000e\000\050\000\051}{subsection.5.4.2}% 96
\BOOKMARK [3][-]{subsubsection.5.4.2.26}{\376\377\0005\000.\0004\000.\0002\000.\0002\0006\000\040\000s\000a\000v\000e\000s\000p\000e\000c\000i\000e\000s\000t\000a\000b\000l\000e\000\050\000\051}{subsection.5.4.2}% 97
\BOOKMARK [3][-]{subsubsection.5.4.2.27}{\376\377\0005\000.\0004\000.\0002\000.\0002\0007\000\040\000s\000p\000e\000c\000i\000e\000s\000t\000a\000b\000l\000e\000\050\000\051}{subsection.5.4.2}% 98
\BOOKMARK [2][-]{subsection.5.4.3}{\376\377\0005\000.\0004\000.\0003\000\040\000M\000e\000m\000b\000e\000r\000\040\000D\000a\000t\000a\000\040\000D\000o\000c\000u\000m\000e\000n\000t\000a\000t\000i\000o\000n}{section.5.4}% 99
\BOOKMARK [3][-]{subsubsection.5.4.3.1}{\376\377\0005\000.\0004\000.\0003\000.\0001\000\040\000l\000i\000n\000k\000s}{subsection.5.4.3}% 100
\BOOKMARK [3][-]{subsubsection.5.4.3.2}{\376\377\0005\000.\0004\000.\0003\000.\0002\000\040\000s\000p\000e\000c\000i\000e\000s}{subsection.5.4.3}% 101
